<?xml version="1.0" encoding="UTF-8"?>
<robot generator="Robot 7.3.2 (Python 3.13.5 on win32)" generated="2025-09-16T16:58:26.744873" rpa="false" schemaversion="5">
<suite id="s1" name="Testes Site" source="C:\Users\Infra\OneDrive - Pulsati\Área de Trabalho\Cursos\Automação\SiteFabiano\SiteFabiano\testes_site.robot">
<test id="s1-t1" name="Acesso ao Site" line="10">
<kw name="Abrir o navegador" owner="site_resoucers" type="SETUP">
<kw name="Open Browser" owner="SeleniumLibrary">
<msg time="2025-09-16T16:58:27.198804" level="INFO">Opening browser 'chrome' to base url 'https://fabianofernandeseventos.com.br/'.</msg>
<arg>${URL}</arg>
<arg>chrome</arg>
<doc>Opens a new browser instance to the optional ``url``.</doc>
<status status="PASS" start="2025-09-16T16:58:27.198416" elapsed="3.137205"/>
</kw>
<kw name="Maximize Browser Window" owner="SeleniumLibrary">
<doc>Maximizes current browser window.</doc>
<status status="PASS" start="2025-09-16T16:58:30.336112" elapsed="0.045025"/>
</kw>
<kw name="Wait Until Element Is Visible" owner="SeleniumLibrary">
<arg>locator=${nome}</arg>
<doc>Waits until the element ``locator`` is visible.</doc>
<status status="PASS" start="2025-09-16T16:58:30.381486" elapsed="0.049833"/>
</kw>
<status status="PASS" start="2025-09-16T16:58:27.196938" elapsed="3.234534"/>
</kw>
<kw name="Verificar o título Fabiano Fernandes Eventos - Buffet e Churrasco" owner="site_resoucers" source_name="Verificar o título ${TITULO}">
<kw name="Title Should Be" owner="SeleniumLibrary">
<msg time="2025-09-16T16:58:30.445060" level="INFO">Page title is 'Fabiano Fernandes Eventos - Buffet e Churrasco'.</msg>
<arg>title=${TITULO}</arg>
<doc>Verifies that the current page title equals ``title``.</doc>
<status status="PASS" start="2025-09-16T16:58:30.432722" elapsed="0.012511"/>
</kw>
<status status="PASS" start="2025-09-16T16:58:30.432062" elapsed="0.013343"/>
</kw>
<doc>Este teste valida o acesso ao site https://fabianofernandeseventos.com.br/</doc>
<tag>site</tag>
<status status="PASS" start="2025-09-16T16:58:27.195225" elapsed="3.250559"/>
</test>
<test id="s1-t2" name="Entrar em Contato" line="15">
<kw name="Abrir o navegador" owner="site_resoucers" type="SETUP">
<kw name="Open Browser" owner="SeleniumLibrary">
<msg time="2025-09-16T16:58:30.447687" level="INFO">Opening browser 'chrome' to base url 'https://fabianofernandeseventos.com.br/'.</msg>
<arg>${URL}</arg>
<arg>chrome</arg>
<doc>Opens a new browser instance to the optional ``url``.</doc>
<status status="PASS" start="2025-09-16T16:58:30.447420" elapsed="2.953307"/>
</kw>
<kw name="Maximize Browser Window" owner="SeleniumLibrary">
<doc>Maximizes current browser window.</doc>
<status status="PASS" start="2025-09-16T16:58:33.401103" elapsed="0.057791"/>
</kw>
<kw name="Wait Until Element Is Visible" owner="SeleniumLibrary">
<arg>locator=${nome}</arg>
<doc>Waits until the element ``locator`` is visible.</doc>
<status status="PASS" start="2025-09-16T16:58:33.459326" elapsed="0.055055"/>
</kw>
<status status="PASS" start="2025-09-16T16:58:30.447026" elapsed="3.067610"/>
</kw>
<kw name="Clicar no botão 'Entre em Contato'" owner="site_resoucers">
<kw name="Wait Until Element Is Visible" owner="SeleniumLibrary">
<arg>locator=${Botão_Entrar_contato}</arg>
<doc>Waits until the element ``locator`` is visible.</doc>
<status status="PASS" start="2025-09-16T16:58:33.516147" elapsed="0.046902"/>
</kw>
<kw name="Click Element" owner="SeleniumLibrary">
<msg time="2025-09-16T16:58:33.563967" level="INFO">Clicking element '//a[normalize-space()='Entre em Contato']'.</msg>
<arg>locator=${Botão_Entrar_contato}</arg>
<doc>Click the element identified by ``locator``.</doc>
<status status="PASS" start="2025-09-16T16:58:33.563408" elapsed="0.286356"/>
</kw>
<kw name="Sleep" owner="BuiltIn">
<msg time="2025-09-16T16:58:36.850848" level="INFO">Slept 3 seconds.</msg>
<arg>3.0s</arg>
<doc>Pauses the test executed for the given time.</doc>
<status status="PASS" start="2025-09-16T16:58:33.850150" elapsed="3.000821"/>
</kw>
<kw name="Wait Until Element Is Visible" owner="SeleniumLibrary">
<arg>locator=${Texto_Contato}</arg>
<doc>Waits until the element ``locator`` is visible.</doc>
<status status="PASS" start="2025-09-16T16:58:36.851163" elapsed="0.030726"/>
</kw>
<status status="PASS" start="2025-09-16T16:58:33.515471" elapsed="3.366524"/>
</kw>
<tag>botão</tag>
<status status="PASS" start="2025-09-16T16:58:30.446420" elapsed="6.435889"/>
</test>
<doc>Esta suite testa o site https://fabianofernandeseventos.com.br/</doc>
<status status="PASS" start="2025-09-16T16:58:26.747305" elapsed="10.135626"/>
</suite>
<statistics>
<total>
<stat pass="2" fail="0" skip="0">All Tests</stat>
</total>
<tag>
<stat pass="1" fail="0" skip="0">botão</stat>
<stat pass="1" fail="0" skip="0">site</stat>
</tag>
<suite>
<stat name="Testes Site" id="s1" pass="2" fail="0" skip="0">Testes Site</stat>
</suite>
</statistics>
<errors>
</errors>
</robot>
